<?xml version="1.0" encoding="UTF-8"?>
<!-- Generated by org.testng.reporters.JUnitXMLReporter -->
<testsuite hostname="P4ALAP-7172YCJ" ignored="0" name="Sample test 3" tests="3" failures="0" timestamp="16 Feb 2018 15:22:31 GMT" time="1.251" errors="0">
  <testcase name="LoginTest" time="0.012" classname="demo.acn.internal.tests.Sample_Test_3">
    <skipped/>
  </testcase> <!-- LoginTest -->
  <testcase name="LoginTest" time="0.002" classname="demo.acn.internal.tests.Sample_Test_3">
    <skipped/>
  </testcase> <!-- LoginTest -->
  <testcase name="LoginTest" time="0.003" classname="demo.acn.internal.tests.Sample_Test_3">
    <skipped/>
  </testcase> <!-- LoginTest -->
</testsuite> <!-- Sample test 3 -->
