<?xml version="1.0" encoding="UTF-8"?>
<!-- Generated by org.testng.reporters.JUnitXMLReporter -->
<testsuite hostname="P4ALAP-7172YCJ" ignored="0" name="Sample test 1" tests="3" failures="1" timestamp="16 Feb 2018 15:23:22 GMT" time="51.629" errors="0">
  <testcase name="LoginTest" time="28.899" classname="demo.acn.internal.tests.Sample_Test_1"/>
  <testcase name="LoginTest" time="0.005" classname="demo.acn.internal.tests.Sample_Test_1">
    <skipped/>
  </testcase> <!-- LoginTest -->
  <testcase name="LoginTest" time="20.766" classname="demo.acn.internal.tests.Sample_Test_1">
    <failure type="java.lang.AssertionError" message="Login functionality failing. Expected: Login Success but Actual: Login Failure">
      <![CDATA[java.lang.AssertionError: Login functionality failing. Expected: Login Success but Actual: Login Failure
	at demo.acn.internal.utilities.GenericKeywords.reportFailure(GenericKeywords.java:275)
	at demo.acn.internal.utilities.AppKeywords.verifylogin(AppKeywords.java:57)
	at demo.acn.internal.utilities.Keywords.executeKeywords(Keywords.java:58)
	at demo.acn.internal.tests.Sample_Test_1.LoginTest(Sample_Test_1.java:50)
	at java.util.concurrent.FutureTask.run(Unknown Source)
	at java.util.concurrent.ThreadPoolExecutor.runWorker(Unknown Source)
	at java.util.concurrent.ThreadPoolExecutor$Worker.run(Unknown Source)
	at java.lang.Thread.run(Unknown Source)
... Removed 17 stack frames]]>
    </failure>
  </testcase> <!-- LoginTest -->
</testsuite> <!-- Sample test 1 -->
