<?xml version="1.0" encoding="UTF-8"?>
<testng-results skipped="0" failed="0" ignored="0" total="1" passed="1">
  <reporter-output>
  </reporter-output>
  <suite name="Default suite" duration-ms="53" started-at="2018-07-10T07:42:46Z" finished-at="2018-07-10T07:42:46Z">
    <groups>
    </groups>
    <test name="Default test" duration-ms="53" started-at="2018-07-10T07:42:46Z" finished-at="2018-07-10T07:42:46Z">
      <class name="org.testing.advanced.selenium.Retest">
        <test-method status="PASS" signature="beforeMethod()[pri:0, instance:org.testing.advanced.selenium.Retest@6a4f787b]" name="beforeMethod" is-config="true" duration-ms="11" started-at="2018-07-10T07:42:46Z" finished-at="2018-07-10T07:42:46Z">
          <reporter-output>
          </reporter-output>
        </test-method> <!-- beforeMethod -->
        <test-method status="PASS" signature="retest()[pri:0, instance:org.testing.advanced.selenium.Retest@6a4f787b]" name="retest" duration-ms="6" started-at="2018-07-10T07:42:46Z" finished-at="2018-07-10T07:42:46Z">
          <reporter-output>
          </reporter-output>
        </test-method> <!-- retest -->
      </class> <!-- org.testing.advanced.selenium.Retest -->
    </test> <!-- Default test -->
  </suite> <!-- Default suite -->
</testng-results>
